{
  "0 debug pnpm:scope": {
    "selected": 1
  },
  "1 info pnpm": {
    "err": {
      "name": "Error",
      "message": "not found: installl",
      "code": "ENOENT",
      "stack": "Error: not found: installl\n    at getNotFoundError (/Users/alex/.nvm/versions/node/v16.1.0/pnpm-global/5/node_modules/.pnpm/pnpm@7.0.0/node_modules/pnpm/dist/pnpm.cjs:41518:51)\n    at Function.whichSync [as sync] (/Users/alex/.nvm/versions/node/v16.1.0/pnpm-global/5/node_modules/.pnpm/pnpm@7.0.0/node_modules/pnpm/dist/pnpm.cjs:41595:13)\n    at getCommandAbsolutePathSync (/Users/alex/.nvm/versions/node/v16.1.0/pnpm-global/5/node_modules/.pnpm/pnpm@7.0.0/node_modules/pnpm/dist/pnpm.cjs:43160:44)\n    at default_1 (/Users/alex/.nvm/versions/node/v16.1.0/pnpm-global/5/node_modules/.pnpm/pnpm@7.0.0/node_modules/pnpm/dist/pnpm.cjs:43169:32)\n    at /Users/alex/.nvm/versions/node/v16.1.0/pnpm-global/5/node_modules/.pnpm/pnpm@7.0.0/node_modules/pnpm/dist/pnpm.cjs:171190:39"
    }
  },
  "2 error pnpm": {
    "code": "ERR_PNPM_RECURSIVE_EXEC_FIRST_FAIL",
    "prefix": "/Users/alex/code/tmp/remix-three-test",
    "err": {
      "name": "pnpm",
      "message": "not found: installl",
      "code": "ERR_PNPM_RECURSIVE_EXEC_FIRST_FAIL",
      "stack": "Error: not found: installl\n    at getNotFoundError (/Users/alex/.nvm/versions/node/v16.1.0/pnpm-global/5/node_modules/.pnpm/pnpm@7.0.0/node_modules/pnpm/dist/pnpm.cjs:41518:51)\n    at Function.whichSync [as sync] (/Users/alex/.nvm/versions/node/v16.1.0/pnpm-global/5/node_modules/.pnpm/pnpm@7.0.0/node_modules/pnpm/dist/pnpm.cjs:41595:13)\n    at getCommandAbsolutePathSync (/Users/alex/.nvm/versions/node/v16.1.0/pnpm-global/5/node_modules/.pnpm/pnpm@7.0.0/node_modules/pnpm/dist/pnpm.cjs:43160:44)\n    at default_1 (/Users/alex/.nvm/versions/node/v16.1.0/pnpm-global/5/node_modules/.pnpm/pnpm@7.0.0/node_modules/pnpm/dist/pnpm.cjs:43169:32)\n    at /Users/alex/.nvm/versions/node/v16.1.0/pnpm-global/5/node_modules/.pnpm/pnpm@7.0.0/node_modules/pnpm/dist/pnpm.cjs:171190:39"
    }
  }
}